2023-07-17 19:23:22.774  INFO 11452 --- [main] .e.s.SpringbootWithPostgresqlApplication : Starting SpringbootWithPostgresqlApplication using Java 15.0.2 on KaranB with PID 11452 (C:\Users\Karan Borate\Downloads\springbootWithPostgresql-master (2)\springbootWithPostgresql-master\springbootWithPostgresql-master\target\classes started by Karan Borate in C:\Users\Karan Borate\Downloads\springbootWithPostgresql-master (2)\springbootWithPostgresql-master\springbootWithPostgresql-master)
2023-07-17 19:23:22.793  INFO 11452 --- [main] .e.s.SpringbootWithPostgresqlApplication : No active profile set, falling back to 1 default profile: "default"
2023-07-17 19:23:24.498  INFO 11452 --- [main] .s.d.r.c.RepositoryConfigurationDelegate : Bootstrapping Spring Data JPA repositories in DEFAULT mode.
2023-07-17 19:23:24.623  INFO 11452 --- [main] .s.d.r.c.RepositoryConfigurationDelegate : Finished Spring Data repository scanning in 97 ms. Found 1 JPA repository interfaces.
2023-07-17 19:23:25.772  INFO 11452 --- [main] o.s.b.w.embedded.tomcat.TomcatWebServer  : Tomcat initialized with port(s): 8080 (http)
2023-07-17 19:23:25.790  INFO 11452 --- [main] o.apache.catalina.core.StandardService   : Starting service [Tomcat]
2023-07-17 19:23:25.791  INFO 11452 --- [main] org.apache.catalina.core.StandardEngine  : Starting Servlet engine: [Apache Tomcat/9.0.68]
2023-07-17 19:23:26.164  INFO 11452 --- [main] o.a.c.c.C.[Tomcat].[localhost].[/]       : Initializing Spring embedded WebApplicationContext
2023-07-17 19:23:26.165  INFO 11452 --- [main] w.s.c.ServletWebServerApplicationContext : Root WebApplicationContext: initialization completed in 3236 ms
2023-07-17 19:23:26.662  INFO 11452 --- [main] o.hibernate.jpa.internal.util.LogHelper  : HHH000204: Processing PersistenceUnitInfo [name: default]
2023-07-17 19:23:26.766  INFO 11452 --- [main] org.hibernate.Version                    : HHH000412: Hibernate ORM core version 5.6.12.Final
2023-07-17 19:23:27.151  INFO 11452 --- [main] o.hibernate.annotations.common.Version   : HCANN000001: Hibernate Commons Annotations {5.1.2.Final}
2023-07-17 19:23:27.410  INFO 11452 --- [main] com.zaxxer.hikari.HikariDataSource       : HikariPool-1 - Starting...
2023-07-17 19:23:27.813  INFO 11452 --- [main] com.zaxxer.hikari.HikariDataSource       : HikariPool-1 - Start completed.
2023-07-17 19:23:27.892  INFO 11452 --- [main] org.hibernate.dialect.Dialect            : HHH000400: Using dialect: org.hibernate.dialect.PostgreSQL10Dialect
2023-07-17 19:23:29.605  INFO 11452 --- [main] o.h.e.t.j.p.i.JtaPlatformInitiator       : HHH000490: Using JtaPlatform implementation: [org.hibernate.engine.transaction.jta.platform.internal.NoJtaPlatform]
2023-07-17 19:23:29.622  INFO 11452 --- [main] j.LocalContainerEntityManagerFactoryBean : Initialized JPA EntityManagerFactory for persistence unit 'default'
2023-07-17 19:23:30.208  WARN 11452 --- [main] JpaBaseConfiguration$JpaWebConfiguration : spring.jpa.open-in-view is enabled by default. Therefore, database queries may be performed during view rendering. Explicitly configure spring.jpa.open-in-view to disable this warning
2023-07-17 19:23:30.874  INFO 11452 --- [main] o.s.b.w.embedded.tomcat.TomcatWebServer  : Tomcat started on port(s): 8080 (http) with context path ''
2023-07-17 19:23:30.894  INFO 11452 --- [main] .e.s.SpringbootWithPostgresqlApplication : Started SpringbootWithPostgresqlApplication in 9.021 seconds (JVM running for 11.074)
